[11:36:18][I][logger:166]: Log initialized
[11:36:18][I][app:029]: Running through setup()...
[11:36:18][V][app:030]: Sorting components by setup priority...
[11:36:18][C][am2320:052]: Setting up AM2320...
[11:36:18][W][i2c:070]: Received NACK on transmit of address 0x5C
[11:36:18][I][app:059]: setup() finished successfully!
[11:36:18][W][i2c:073]: Received NACK on transmit of data for address 0x5C
[11:36:18][W][am2320:074]: Writing bytes for AM2320 failed!
[11:36:18][W][am2320:089]: Updating AM2320 failed!
[11:36:18][I][app:105]: ESPHome version 1.16.0-dev compiled on Jul 27 2020, 11:22:15
[11:36:18][C][i2c:028]: I2C Bus:
[11:36:18][C][i2c:029]:   SDA Pin: GPIO4
[11:36:18][C][i2c:030]:   SCL Pin: GPIO5
[11:36:18][C][i2c:031]:   Frequency: 50000 Hz
[11:36:18][C][logger:185]: Logger:
[11:36:18][C][logger:186]:   Level: VERBOSE
[11:36:18][C][logger:187]:   Log Baud Rate: 115200
[11:36:18][C][logger:188]:   Hardware UART: UART0
[11:36:18][D][am2320:062]: AM2320:
[11:36:18][C][am2320:063]:   Address: 0x5C
[11:36:18][C][am2320:067]:   Temperature 'Temperature'
[11:36:18][C][am2320:067]:     Unit of Measurement: '°C'
[11:36:18][C][am2320:067]:     Accuracy Decimals: 1
[11:36:18][C][am2320:067]:     Icon: 'mdi:thermometer'
[11:36:18][C][am2320:068]:   Humidity 'Humidity'
[11:36:18][C][am2320:068]:     Unit of Measurement: '%'
[11:36:18][C][am2320:068]:     Accuracy Decimals: 1
[11:36:18][C][am2320:068]:     Icon: 'mdi:water-percent'
[11:36:20][W][i2c:070]: Received NACK on transmit of address 0x5C
[11:36:20][D][am2320:044]: Got temperature=24.3°C humidity=58.8%
[11:36:20][V][sensor:013]: 'Temperature': Received new state 24.299999
[11:36:20][D][sensor:092]: 'Temperature': Sending state 24.30000 °C with 1 decimals of accuracy
[11:36:20][V][sensor:013]: 'Humidity': Received new state 58.799999
[11:36:20][D][sensor:092]: 'Humidity': Sending state 58.80000 % with 1 decimals of accuracy
[11:36:23]wifi evt: 7
[11:36:25][W][i2c:070]: Received NACK on transmit of address 0x5C
[11:36:25][D][am2320:044]: Got temperature=24.4°C humidity=58.9%
[11:36:25][V][sensor:013]: 'Temperature': Received new state 24.400000
[11:36:25][D][sensor:092]: 'Temperature': Sending state 24.40000 °C with 1 decimals of accuracy
[11:36:25][V][sensor:013]: 'Humidity': Received new state 58.900002
[11:36:25][D][sensor:092]: 'Humidity': Sending state 58.90000 % with 1 decimals of accuracy
[11:36:26]wifi evt: 7
[11:36:26]wifi evt: 7
[11:36:30][W][i2c:070]: Received NACK on transmit of address 0x5C
[11:36:30][D][am2320:044]: Got temperature=24.4°C humidity=59.0%
[11:36:30][V][sensor:013]: 'Temperature': Received new state 24.400000
[11:36:30][D][sensor:092]: 'Temperature': Sending state 24.40000 °C with 1 decimals of accuracy
[11:36:30][V][sensor:013]: 'Humidity': Received new state 59.000000
[11:36:30][D][sensor:092]: 'Humidity': Sending state 59.00000 % with 1 decimals of accuracy
[11:36:35][W][i2c:070]: Received NACK on transmit of address 0x5C
[11:36:35][D][am2320:044]: Got temperature=24.4°C humidity=59.1%
[11:36:35][V][sensor:013]: 'Temperature': Received new state 24.400000
[11:36:35][D][sensor:092]: 'Temperature': Sending state 24.40000 °C with 1 decimals of accuracy
[11:36:35][V][sensor:013]: 'Humidity': Received new state 59.099998
[11:36:35][D][sensor:092]: 'Humidity': Sending state 59.10000 % with 1 decimals of accuracy
[11:36:40][W][i2c:070]: Received NACK on transmit of address 0x5C
[11:36:40][D][am2320:044]: Got temperature=24.3°C humidity=59.1%
[11:36:40][V][sensor:013]: 'Temperature': Received new state 24.299999
[11:36:40][D][sensor:092]: 'Temperature': Sending state 24.30000 °C with 1 decimals of accuracy
[11:36:40][V][sensor:013]: 'Humidity': Received new state 59.099998
[11:36:40][D][sensor:092]: 'Humidity': Sending state 59.10000 % with 1 decimals of accuracy
[11:36:45][W][i2c:070]: Received NACK on transmit of address 0x5C
[11:36:45][D][am2320:044]: Got temperature=24.3°C humidity=59.1%
[11:36:45][V][sensor:013]: 'Temperature': Received new state 24.299999
[11:36:45][D][sensor:092]: 'Temperature': Sending state 24.30000 °C with 1 decimals of accuracy
[11:36:45][V][sensor:013]: 'Humidity': Received new state 59.099998
[11:36:45][D][sensor:092]: 'Humidity': Sending state 59.10000 % with 1 decimals of accuracy

